The system is: Darwin - 12.3.0 - i386
Compiling the C compiler identification source file "CMakeCCompilerId.c" succeeded.
Compiler: /usr/bin/cc 
Build flags: 
Id flags: 

The output was:
0


Compilation of the C compiler identification source "CMakeCCompilerId.c" produced "a.out"

The C compiler identification is Clang, found in "/Users/Hari/scm/magic-hat/tools/json_spirit_v4.05/build/CMakeFiles/2.8.10.2/CompilerIdC/a.out"

Compiling the CXX compiler identification source file "CMakeCXXCompilerId.cpp" succeeded.
Compiler: /usr/bin/c++ 
Build flags: 
Id flags: 

The output was:
0


Compilation of the CXX compiler identification source "CMakeCXXCompilerId.cpp" produced "a.out"

The CXX compiler identification is Clang, found in "/Users/Hari/scm/magic-hat/tools/json_spirit_v4.05/build/CMakeFiles/2.8.10.2/CompilerIdCXX/a.out"

Determining if the C compiler works passed with the following output:
Change Dir: /Users/Hari/scm/magic-hat/tools/json_spirit_v4.05/build/CMakeFiles/CMakeTmp

Run Build Command:/usr/bin/make "cmTryCompileExec1436876387/fast"
/usr/bin/make -f CMakeFiles/cmTryCompileExec1436876387.dir/build.make CMakeFiles/cmTryCompileExec1436876387.dir/build
/sw/bin/cmake -E cmake_progress_report /Users/Hari/scm/magic-hat/tools/json_spirit_v4.05/build/CMakeFiles/CMakeTmp/CMakeFiles 1
Building C object CMakeFiles/cmTryCompileExec1436876387.dir/testCCompiler.c.o
/usr/bin/cc    -o CMakeFiles/cmTryCompileExec1436876387.dir/testCCompiler.c.o   -c /Users/Hari/scm/magic-hat/tools/json_spirit_v4.05/build/CMakeFiles/CMakeTmp/testCCompiler.c
Linking C executable cmTryCompileExec1436876387
/sw/bin/cmake -E cmake_link_script CMakeFiles/cmTryCompileExec1436876387.dir/link.txt --verbose=1
/usr/bin/cc      -Wl,-search_paths_first -Wl,-headerpad_max_install_names   CMakeFiles/cmTryCompileExec1436876387.dir/testCCompiler.c.o  -o cmTryCompileExec1436876387  


Detecting C compiler ABI info compiled with the following output:
Change Dir: /Users/Hari/scm/magic-hat/tools/json_spirit_v4.05/build/CMakeFiles/CMakeTmp

Run Build Command:/usr/bin/make "cmTryCompileExec3790247283/fast"
/usr/bin/make -f CMakeFiles/cmTryCompileExec3790247283.dir/build.make CMakeFiles/cmTryCompileExec3790247283.dir/build
/sw/bin/cmake -E cmake_progress_report /Users/Hari/scm/magic-hat/tools/json_spirit_v4.05/build/CMakeFiles/CMakeTmp/CMakeFiles 1
Building C object CMakeFiles/cmTryCompileExec3790247283.dir/CMakeCCompilerABI.c.o
/usr/bin/cc    -o CMakeFiles/cmTryCompileExec3790247283.dir/CMakeCCompilerABI.c.o   -c /sw/share/cmake-2.8/Modules/CMakeCCompilerABI.c
Linking C executable cmTryCompileExec3790247283
/sw/bin/cmake -E cmake_link_script CMakeFiles/cmTryCompileExec3790247283.dir/link.txt --verbose=1
/usr/bin/cc      -Wl,-search_paths_first -Wl,-headerpad_max_install_names -v CMakeFiles/cmTryCompileExec3790247283.dir/CMakeCCompilerABI.c.o  -o cmTryCompileExec3790247283   
Apple clang version 4.1 (tags/Apple/clang-421.11.66) (based on LLVM 3.1svn)
Target: x86_64-apple-darwin12.3.0
Thread model: posix
 "/usr/bin/ld" -demangle -dynamic -arch x86_64 -macosx_version_min 10.8.0 -o cmTryCompileExec3790247283 -search_paths_first -headerpad_max_install_names CMakeFiles/cmTryCompileExec3790247283.dir/CMakeCCompilerABI.c.o -lSystem /usr/bin/../lib/clang/4.1/lib/darwin/libclang_rt.osx.a


Parsed C implicit link information from above output:
  link line regex: [^( *|.*[/\])(ld|ld|collect2)[^/\]*( |$)]
  ignore line: [Change Dir: /Users/Hari/scm/magic-hat/tools/json_spirit_v4.05/build/CMakeFiles/CMakeTmp]
  ignore line: []
  ignore line: [Run Build Command:/usr/bin/make "cmTryCompileExec3790247283/fast"]
  ignore line: [/usr/bin/make -f CMakeFiles/cmTryCompileExec3790247283.dir/build.make CMakeFiles/cmTryCompileExec3790247283.dir/build]
  ignore line: [/sw/bin/cmake -E cmake_progress_report /Users/Hari/scm/magic-hat/tools/json_spirit_v4.05/build/CMakeFiles/CMakeTmp/CMakeFiles 1]
  ignore line: [Building C object CMakeFiles/cmTryCompileExec3790247283.dir/CMakeCCompilerABI.c.o]
  ignore line: [/usr/bin/cc    -o CMakeFiles/cmTryCompileExec3790247283.dir/CMakeCCompilerABI.c.o   -c /sw/share/cmake-2.8/Modules/CMakeCCompilerABI.c]
  ignore line: [Linking C executable cmTryCompileExec3790247283]
  ignore line: [/sw/bin/cmake -E cmake_link_script CMakeFiles/cmTryCompileExec3790247283.dir/link.txt --verbose=1]
  ignore line: [/usr/bin/cc      -Wl,-search_paths_first -Wl,-headerpad_max_install_names -v CMakeFiles/cmTryCompileExec3790247283.dir/CMakeCCompilerABI.c.o  -o cmTryCompileExec3790247283   ]
  ignore line: [Apple clang version 4.1 (tags/Apple/clang-421.11.66) (based on LLVM 3.1svn)]
  ignore line: [Target: x86_64-apple-darwin12.3.0]
  ignore line: [Thread model: posix]
  link line: [ "/usr/bin/ld" -demangle -dynamic -arch x86_64 -macosx_version_min 10.8.0 -o cmTryCompileExec3790247283 -search_paths_first -headerpad_max_install_names CMakeFiles/cmTryCompileExec3790247283.dir/CMakeCCompilerABI.c.o -lSystem /usr/bin/../lib/clang/4.1/lib/darwin/libclang_rt.osx.a]
    arg [/usr/bin/ld] ==> ignore
    arg [-demangle] ==> ignore
    arg [-dynamic] ==> ignore
    arg [-arch] ==> ignore
    arg [x86_64] ==> ignore
    arg [-macosx_version_min] ==> ignore
    arg [10.8.0] ==> ignore
    arg [-o] ==> ignore
    arg [cmTryCompileExec3790247283] ==> ignore
    arg [-search_paths_first] ==> ignore
    arg [-headerpad_max_install_names] ==> ignore
    arg [CMakeFiles/cmTryCompileExec3790247283.dir/CMakeCCompilerABI.c.o] ==> ignore
    arg [-lSystem] ==> lib [System]
    arg [/usr/bin/../lib/clang/4.1/lib/darwin/libclang_rt.osx.a] ==> lib [/usr/bin/../lib/clang/4.1/lib/darwin/libclang_rt.osx.a]
  remove lib [System]
  implicit libs: [/usr/bin/../lib/clang/4.1/lib/darwin/libclang_rt.osx.a]
  implicit dirs: []


Determining if the CXX compiler works passed with the following output:
Change Dir: /Users/Hari/scm/magic-hat/tools/json_spirit_v4.05/build/CMakeFiles/CMakeTmp

Run Build Command:/usr/bin/make "cmTryCompileExec1622075966/fast"
/usr/bin/make -f CMakeFiles/cmTryCompileExec1622075966.dir/build.make CMakeFiles/cmTryCompileExec1622075966.dir/build
/sw/bin/cmake -E cmake_progress_report /Users/Hari/scm/magic-hat/tools/json_spirit_v4.05/build/CMakeFiles/CMakeTmp/CMakeFiles 1
Building CXX object CMakeFiles/cmTryCompileExec1622075966.dir/testCXXCompiler.cxx.o
/usr/bin/c++     -o CMakeFiles/cmTryCompileExec1622075966.dir/testCXXCompiler.cxx.o -c /Users/Hari/scm/magic-hat/tools/json_spirit_v4.05/build/CMakeFiles/CMakeTmp/testCXXCompiler.cxx
Linking CXX executable cmTryCompileExec1622075966
/sw/bin/cmake -E cmake_link_script CMakeFiles/cmTryCompileExec1622075966.dir/link.txt --verbose=1
/usr/bin/c++       -Wl,-search_paths_first -Wl,-headerpad_max_install_names   CMakeFiles/cmTryCompileExec1622075966.dir/testCXXCompiler.cxx.o  -o cmTryCompileExec1622075966  


Detecting CXX compiler ABI info compiled with the following output:
Change Dir: /Users/Hari/scm/magic-hat/tools/json_spirit_v4.05/build/CMakeFiles/CMakeTmp

Run Build Command:/usr/bin/make "cmTryCompileExec3432244090/fast"
/usr/bin/make -f CMakeFiles/cmTryCompileExec3432244090.dir/build.make CMakeFiles/cmTryCompileExec3432244090.dir/build
/sw/bin/cmake -E cmake_progress_report /Users/Hari/scm/magic-hat/tools/json_spirit_v4.05/build/CMakeFiles/CMakeTmp/CMakeFiles 1
Building CXX object CMakeFiles/cmTryCompileExec3432244090.dir/CMakeCXXCompilerABI.cpp.o
/usr/bin/c++     -o CMakeFiles/cmTryCompileExec3432244090.dir/CMakeCXXCompilerABI.cpp.o -c /sw/share/cmake-2.8/Modules/CMakeCXXCompilerABI.cpp
Linking CXX executable cmTryCompileExec3432244090
/sw/bin/cmake -E cmake_link_script CMakeFiles/cmTryCompileExec3432244090.dir/link.txt --verbose=1
/usr/bin/c++       -Wl,-search_paths_first -Wl,-headerpad_max_install_names -v CMakeFiles/cmTryCompileExec3432244090.dir/CMakeCXXCompilerABI.cpp.o  -o cmTryCompileExec3432244090   
Apple clang version 4.1 (tags/Apple/clang-421.11.66) (based on LLVM 3.1svn)
Target: x86_64-apple-darwin12.3.0
Thread model: posix
 "/usr/bin/ld" -demangle -dynamic -arch x86_64 -macosx_version_min 10.8.0 -o cmTryCompileExec3432244090 -search_paths_first -headerpad_max_install_names CMakeFiles/cmTryCompileExec3432244090.dir/CMakeCXXCompilerABI.cpp.o -lstdc++ -lSystem /usr/bin/../lib/clang/4.1/lib/darwin/libclang_rt.osx.a


Parsed CXX implicit link information from above output:
  link line regex: [^( *|.*[/\])(ld|ld|collect2)[^/\]*( |$)]
  ignore line: [Change Dir: /Users/Hari/scm/magic-hat/tools/json_spirit_v4.05/build/CMakeFiles/CMakeTmp]
  ignore line: []
  ignore line: [Run Build Command:/usr/bin/make "cmTryCompileExec3432244090/fast"]
  ignore line: [/usr/bin/make -f CMakeFiles/cmTryCompileExec3432244090.dir/build.make CMakeFiles/cmTryCompileExec3432244090.dir/build]
  ignore line: [/sw/bin/cmake -E cmake_progress_report /Users/Hari/scm/magic-hat/tools/json_spirit_v4.05/build/CMakeFiles/CMakeTmp/CMakeFiles 1]
  ignore line: [Building CXX object CMakeFiles/cmTryCompileExec3432244090.dir/CMakeCXXCompilerABI.cpp.o]
  ignore line: [/usr/bin/c++     -o CMakeFiles/cmTryCompileExec3432244090.dir/CMakeCXXCompilerABI.cpp.o -c /sw/share/cmake-2.8/Modules/CMakeCXXCompilerABI.cpp]
  ignore line: [Linking CXX executable cmTryCompileExec3432244090]
  ignore line: [/sw/bin/cmake -E cmake_link_script CMakeFiles/cmTryCompileExec3432244090.dir/link.txt --verbose=1]
  ignore line: [/usr/bin/c++       -Wl,-search_paths_first -Wl,-headerpad_max_install_names -v CMakeFiles/cmTryCompileExec3432244090.dir/CMakeCXXCompilerABI.cpp.o  -o cmTryCompileExec3432244090   ]
  ignore line: [Apple clang version 4.1 (tags/Apple/clang-421.11.66) (based on LLVM 3.1svn)]
  ignore line: [Target: x86_64-apple-darwin12.3.0]
  ignore line: [Thread model: posix]
  link line: [ "/usr/bin/ld" -demangle -dynamic -arch x86_64 -macosx_version_min 10.8.0 -o cmTryCompileExec3432244090 -search_paths_first -headerpad_max_install_names CMakeFiles/cmTryCompileExec3432244090.dir/CMakeCXXCompilerABI.cpp.o -lstdc++ -lSystem /usr/bin/../lib/clang/4.1/lib/darwin/libclang_rt.osx.a]
    arg [/usr/bin/ld] ==> ignore
    arg [-demangle] ==> ignore
    arg [-dynamic] ==> ignore
    arg [-arch] ==> ignore
    arg [x86_64] ==> ignore
    arg [-macosx_version_min] ==> ignore
    arg [10.8.0] ==> ignore
    arg [-o] ==> ignore
    arg [cmTryCompileExec3432244090] ==> ignore
    arg [-search_paths_first] ==> ignore
    arg [-headerpad_max_install_names] ==> ignore
    arg [CMakeFiles/cmTryCompileExec3432244090.dir/CMakeCXXCompilerABI.cpp.o] ==> ignore
    arg [-lstdc++] ==> lib [stdc++]
    arg [-lSystem] ==> lib [System]
    arg [/usr/bin/../lib/clang/4.1/lib/darwin/libclang_rt.osx.a] ==> lib [/usr/bin/../lib/clang/4.1/lib/darwin/libclang_rt.osx.a]
  remove lib [System]
  implicit libs: [stdc++;/usr/bin/../lib/clang/4.1/lib/darwin/libclang_rt.osx.a]
  implicit dirs: []


